# JRE version: Java(TM) SE Runtime Environment (8.0_102-b14) (build 1.8.0_102-b14)
# Java VM: Java HotSpot(TM) 64-Bit Server VM (25.102-b14 mixed mode linux-amd64 compressed oops)
Heap:
 PSYoungGen      total 200704K, used 151282K [0x00000000d7100000, 0x00000000e5b80000, 0x0000000100000000)
  eden space 183808K, 73% used [0x00000000d7100000,0x00000000df5ca728,0x00000000e2480000)
  from space 16896K, 90% used [0x00000000e3700000,0x00000000e45f2410,0x00000000e4780000)
  to   space 18944K, 0% used [0x00000000e2480000,0x00000000e2480000,0x00000000e3700000)
 ParOldGen       total 66048K, used 22981K [0x0000000085200000, 0x0000000089280000, 0x00000000d7100000)
  object space 66048K, 34% used [0x0000000085200000,0x0000000086871580,0x0000000089280000)
 Metaspace       used 29106K, capacity 30020K, committed 30208K, reserved 1075200K
  class space    used 3497K, capacity 3756K, committed 3840K, reserved 1048576K
GC Heap History (10 events):
Event: 2,677 GC heap before
{Heap before GC invocations=5 (full 0):
 PSYoungGen      total 68608K, used 68576K [0x00000000d7100000, 0x00000000db900000, 0x0000000100000000)
  eden space 63488K, 100% used [0x00000000d7100000,0x00000000daf00000,0x00000000daf00000)
  from space 5120K, 99% used [0x00000000db400000,0x00000000db8f8040,0x00000000db900000)
  to   space 5120K, 0% used [0x00000000daf00000,0x00000000daf00000,0x00000000db400000)
 ParOldGen       total 84992K, used 6142K [0x0000000085200000, 0x000000008a500000, 0x00000000d7100000)
  object space 84992K, 7% used [0x0000000085200000,0x00000000857ff8f8,0x000000008a500000)
 Metaspace       used 16581K, capacity 17018K, committed 17280K, reserved 1064960K
  class space    used 1958K, capacity 2093K, committed 2176K, reserved 1048576K
Event: 2,691 GC heap after
Heap after GC invocations=5 (full 0):
 PSYoungGen      total 68608K, used 5088K [0x00000000d7100000, 0x00000000e0000000, 0x0000000100000000)
  eden space 63488K, 0% used [0x00000000d7100000,0x00000000d7100000,0x00000000daf00000)
  from space 5120K, 99% used [0x00000000daf00000,0x00000000db3f8020,0x00000000db400000)
  to   space 9728K, 0% used [0x00000000df680000,0x00000000df680000,0x00000000e0000000)
 ParOldGen       total 84992K, used 9396K [0x0000000085200000, 0x000000008a500000, 0x00000000d7100000)
  object space 84992K, 11% used [0x0000000085200000,0x0000000085b2d0a0,0x000000008a500000)
 Metaspace       used 16581K, capacity 17018K, committed 17280K, reserved 1064960K
  class space    used 1958K, capacity 2093K, committed 2176K, reserved 1048576K
}
Event: 3,213 GC heap before
{Heap before GC invocations=6 (full 0):
 PSYoungGen      total 68608K, used 45696K [0x00000000d7100000, 0x00000000e0000000, 0x0000000100000000)
  eden space 63488K, 63% used [0x00000000d7100000,0x00000000d98a8218,0x00000000daf00000)
  from space 5120K, 99% used [0x00000000daf00000,0x00000000db3f8020,0x00000000db400000)
  to   space 9728K, 0% used [0x00000000df680000,0x00000000df680000,0x00000000e0000000)
 ParOldGen       total 84992K, used 9396K [0x0000000085200000, 0x000000008a500000, 0x00000000d7100000)
  object space 84992K, 11% used [0x0000000085200000,0x0000000085b2d0a0,0x000000008a500000)
 Metaspace       used 20532K, capacity 21040K, committed 21296K, reserved 1069056K
  class space    used 2415K, capacity 2626K, committed 2688K, reserved 1048576K
Event: 3,231 GC heap after
Heap after GC invocations=6 (full 0):
 PSYoungGen      total 135680K, used 9705K [0x00000000d7100000, 0x00000000e0200000, 0x0000000100000000)
  eden space 125952K, 0% used [0x00000000d7100000,0x00000000d7100000,0x00000000dec00000)
  from space 9728K, 99% used [0x00000000df680000,0x00000000dfffa5e8,0x00000000e0000000)
  to   space 10752K, 0% used [0x00000000dec00000,0x00000000dec00000,0x00000000df680000)
 ParOldGen       total 84992K, used 9517K [0x0000000085200000, 0x000000008a500000, 0x00000000d7100000)
  object space 84992K, 11% used [0x0000000085200000,0x0000000085b4b418,0x000000008a500000)
 Metaspace       used 20532K, capacity 21040K, committed 21296K, reserved 1069056K
  class space    used 2415K, capacity 2626K, committed 2688K, reserved 1048576K
}
Event: 3,231 GC heap before
{Heap before GC invocations=7 (full 1):
 PSYoungGen      total 135680K, used 9705K [0x00000000d7100000, 0x00000000e0200000, 0x0000000100000000)
  eden space 125952K, 0% used [0x00000000d7100000,0x00000000d7100000,0x00000000dec00000)
  from space 9728K, 99% used [0x00000000df680000,0x00000000dfffa5e8,0x00000000e0000000)
  to   space 10752K, 0% used [0x00000000dec00000,0x00000000dec00000,0x00000000df680000)
 ParOldGen       total 84992K, used 9517K [0x0000000085200000, 0x000000008a500000, 0x00000000d7100000)
  object space 84992K, 11% used [0x0000000085200000,0x0000000085b4b418,0x000000008a500000)
 Metaspace       used 20532K, capacity 21040K, committed 21296K, reserved 1069056K
  class space    used 2415K, capacity 2626K, committed 2688K, reserved 1048576K
Event: 3,304 GC heap after
Heap after GC invocations=7 (full 1):
 PSYoungGen      total 135680K, used 0K [0x00000000d7100000, 0x00000000e0200000, 0x0000000100000000)
  eden space 125952K, 0% used [0x00000000d7100000,0x00000000d7100000,0x00000000dec00000)
  from space 9728K, 0% used [0x00000000df680000,0x00000000df680000,0x00000000e0000000)
  to   space 10752K, 0% used [0x00000000dec00000,0x00000000dec00000,0x00000000df680000)
 ParOldGen       total 66048K, used 13140K [0x0000000085200000, 0x0000000089280000, 0x00000000d7100000)
  object space 66048K, 19% used [0x0000000085200000,0x0000000085ed5028,0x0000000089280000)
 Metaspace       used 20532K, capacity 21040K, committed 21296K, reserved 1069056K
  class space    used 2415K, capacity 2626K, committed 2688K, reserved 1048576K
}
Event: 4,504 GC heap before
{Heap before GC invocations=8 (full 1):
 PSYoungGen      total 135680K, used 125952K [0x00000000d7100000, 0x00000000e0200000, 0x0000000100000000)
  eden space 125952K, 100% used [0x00000000d7100000,0x00000000dec00000,0x00000000dec00000)
  from space 9728K, 0% used [0x00000000df680000,0x00000000df680000,0x00000000e0000000)
  to   space 10752K, 0% used [0x00000000dec00000,0x00000000dec00000,0x00000000df680000)
 ParOldGen       total 66048K, used 13140K [0x0000000085200000, 0x0000000089280000, 0x00000000d7100000)
  object space 66048K, 19% used [0x0000000085200000,0x0000000085ed5028,0x0000000089280000)
 Metaspace       used 26594K, capacity 27494K, committed 27520K, reserved 1073152K
  class space    used 3170K, capacity 3437K, committed 3456K, reserved 1048576K
Event: 4,522 GC heap after
Heap after GC invocations=8 (full 1):
 PSYoungGen      total 136704K, used 10728K [0x00000000d7100000, 0x00000000e4780000, 0x0000000100000000)
  eden space 125952K, 0% used [0x00000000d7100000,0x00000000d7100000,0x00000000dec00000)
  from space 10752K, 99% used [0x00000000dec00000,0x00000000df67a1d0,0x00000000df680000)
  to   space 16896K, 0% used [0x00000000e3700000,0x00000000e3700000,0x00000000e4780000)
 ParOldGen       total 66048K, used 22973K [0x0000000085200000, 0x0000000089280000, 0x00000000d7100000)
  object space 66048K, 34% used [0x0000000085200000,0x000000008686f580,0x0000000089280000)
 Metaspace       used 26594K, capacity 27494K, committed 27520K, reserved 1073152K
  class space    used 3170K, capacity 3437K, committed 3456K, reserved 1048576K
}
Event: 4,750 GC heap before
{Heap before GC invocations=9 (full 1):
 PSYoungGen      total 136704K, used 136680K [0x00000000d7100000, 0x00000000e4780000, 0x0000000100000000)
  eden space 125952K, 100% used [0x00000000d7100000,0x00000000dec00000,0x00000000dec00000)
  from space 10752K, 99% used [0x00000000dec00000,0x00000000df67a1d0,0x00000000df680000)
  to   space 16896K, 0% used [0x00000000e3700000,0x00000000e3700000,0x00000000e4780000)
 ParOldGen       total 66048K, used 22973K [0x0000000085200000, 0x0000000089280000, 0x00000000d7100000)
  object space 66048K, 34% used [0x0000000085200000,0x000000008686f580,0x0000000089280000)
 Metaspace       used 26610K, capacity 27494K, committed 27520K, reserved 1073152K
  class space    used 3172K, capacity 3437K, committed 3456K, reserved 1048576K
Event: 4,769 GC heap after
Heap after GC invocations=9 (full 1):
 PSYoungGen      total 200704K, used 15305K [0x00000000d7100000, 0x00000000e5b80000, 0x0000000100000000)
  eden space 183808K, 0% used [0x00000000d7100000,0x00000000d7100000,0x00000000e2480000)
  from space 16896K, 90% used [0x00000000e3700000,0x00000000e45f2410,0x00000000e4780000)
  to   space 18944K, 0% used [0x00000000e2480000,0x00000000e2480000,0x00000000e3700000)
 ParOldGen       total 66048K, used 22981K [0x0000000085200000, 0x0000000089280000, 0x00000000d7100000)
  object space 66048K, 34% used [0x0000000085200000,0x0000000086871580,0x0000000089280000)
 Metaspace       used 26610K, capacity 27494K, committed 27520K, reserved 1073152K
  class space    used 3172K, capacity 3437K, committed 3456K, reserved 1048576K
}

