# JRE version: OpenJDK Runtime Environment (11.0.3+4) (build 11.0.3+4-Debian-1)
# Java VM: OpenJDK 64-Bit Server VM (11.0.3+4-Debian-1, mixed mode, sharing, tiered, compressed oops, g1 gc, linux-amd64)
Heap:
 garbage-first heap   total 155648K, used 68395K [0x0000000085200000, 0x0000000100000000)
  region size 1024K, 54 young (55296K), 3 survivors (3072K)
 Metaspace       used 27653K, capacity 28526K, committed 28668K, reserved 1075200K
  class space    used 3217K, capacity 3559K, committed 3584K, reserved 1048576K
GC Heap History (10 events):
Event: 3,991 GC heap before
{Heap before GC invocations=3 (full 0):
 garbage-first heap   total 129024K, used 78799K [0x0000000085200000, 0x0000000100000000)
  region size 1024K, 74 young (75776K), 8 survivors (8192K)
 Metaspace       used 20244K, capacity 20883K, committed 20992K, reserved 1067008K
  class space    used 2298K, capacity 2530K, committed 2560K, reserved 1048576K
}
Event: 4,007 GC heap after
{Heap after GC invocations=4 (full 0):
 garbage-first heap   total 129024K, used 16211K [0x0000000085200000, 0x0000000100000000)
  region size 1024K, 9 young (9216K), 9 survivors (9216K)
 Metaspace       used 20244K, capacity 20883K, committed 20992K, reserved 1067008K
  class space    used 2298K, capacity 2530K, committed 2560K, reserved 1048576K
}
Event: 4,142 GC heap before
{Heap before GC invocations=4 (full 0):
 garbage-first heap   total 129024K, used 31571K [0x0000000085200000, 0x0000000100000000)
  region size 1024K, 25 young (25600K), 9 survivors (9216K)
 Metaspace       used 20358K, capacity 20947K, committed 21248K, reserved 1069056K
  class space    used 2313K, capacity 2530K, committed 2560K, reserved 1048576K
}
Event: 4,154 GC heap after
{Heap after GC invocations=5 (full 0):
 garbage-first heap   total 155648K, used 16313K [0x0000000085200000, 0x0000000100000000)
  region size 1024K, 6 young (6144K), 6 survivors (6144K)
 Metaspace       used 20358K, capacity 20947K, committed 21248K, reserved 1069056K
  class space    used 2313K, capacity 2530K, committed 2560K, reserved 1048576K
}
Event: 5,107 GC heap before
{Heap before GC invocations=6 (full 0):
 garbage-first heap   total 155648K, used 102329K [0x0000000085200000, 0x0000000100000000)
  region size 1024K, 91 young (93184K), 6 survivors (6144K)
 Metaspace       used 24968K, capacity 25786K, committed 26108K, reserved 1073152K
  class space    used 2885K, capacity 3239K, committed 3328K, reserved 1048576K
}
Event: 5,116 GC heap after
{Heap after GC invocations=7 (full 0):
 garbage-first heap   total 155648K, used 17513K [0x0000000085200000, 0x0000000100000000)
  region size 1024K, 7 young (7168K), 7 survivors (7168K)
 Metaspace       used 24968K, capacity 25786K, committed 26108K, reserved 1073152K
  class space    used 2885K, capacity 3239K, committed 3328K, reserved 1048576K
}
Event: 5,228 GC heap before
{Heap before GC invocations=7 (full 0):
 garbage-first heap   total 155648K, used 103529K [0x0000000085200000, 0x0000000100000000)
  region size 1024K, 91 young (93184K), 7 survivors (7168K)
 Metaspace       used 24976K, capacity 25786K, committed 26108K, reserved 1073152K
  class space    used 2885K, capacity 3239K, committed 3328K, reserved 1048576K
}
Event: 5,248 GC heap after
{Heap after GC invocations=8 (full 0):
 garbage-first heap   total 155648K, used 17489K [0x0000000085200000, 0x0000000100000000)
  region size 1024K, 3 young (3072K), 3 survivors (3072K)
 Metaspace       used 24976K, capacity 25786K, committed 26108K, reserved 1073152K
  class space    used 2885K, capacity 3239K, committed 3328K, reserved 1048576K
}
Event: 5,391 GC heap before
{Heap before GC invocations=8 (full 0):
 garbage-first heap   total 155648K, used 107601K [0x0000000085200000, 0x0000000100000000)
  region size 1024K, 91 young (93184K), 3 survivors (3072K)
 Metaspace       used 25226K, capacity 25978K, committed 26364K, reserved 1073152K
  class space    used 2912K, capacity 3239K, committed 3328K, reserved 1048576K
}
Event: 5,408 GC heap after
{Heap after GC invocations=9 (full 0):
 garbage-first heap   total 155648K, used 17195K [0x0000000085200000, 0x0000000100000000)
  region size 1024K, 3 young (3072K), 3 survivors (3072K)
 Metaspace       used 25226K, capacity 25978K, committed 26364K, reserved 1073152K
  class space    used 2912K, capacity 3239K, committed 3328K, reserved 1048576K
}

