# JRE version: Java(TM) SE Runtime Environment (8.0_102-b14) (build 1.8.0_102-b14)
# Java VM: Java HotSpot(TM) 64-Bit Server VM (25.102-b14 mixed mode linux-amd64 compressed oops)
Heap:
 PSYoungGen      total 204288K, used 156140K [0x00000000d7100000, 0x00000000e5500000, 0x0000000100000000)
  eden space 187392K, 75% used [0x00000000d7100000,0x00000000dfa63c60,0x00000000e2800000)
  from space 16896K, 91% used [0x00000000e3a00000,0x00000000e49176e8,0x00000000e4a80000)
  to   space 18432K, 0% used [0x00000000e2800000,0x00000000e2800000,0x00000000e3a00000)
 ParOldGen       total 65536K, used 23258K [0x0000000085200000, 0x0000000089200000, 0x00000000d7100000)
  object space 65536K, 35% used [0x0000000085200000,0x00000000868b68c8,0x0000000089200000)
 Metaspace       used 29095K, capacity 30108K, committed 30208K, reserved 1075200K
  class space    used 3497K, capacity 3760K, committed 3840K, reserved 1048576K
GC Heap History (10 events):
Event: 2,663 GC heap before
{Heap before GC invocations=5 (full 0):
 PSYoungGen      total 68608K, used 68592K [0x00000000d7100000, 0x00000000db900000, 0x0000000100000000)
  eden space 63488K, 100% used [0x00000000d7100000,0x00000000daf00000,0x00000000daf00000)
  from space 5120K, 99% used [0x00000000db400000,0x00000000db8fc010,0x00000000db900000)
  to   space 5120K, 0% used [0x00000000daf00000,0x00000000daf00000,0x00000000db400000)
 ParOldGen       total 84992K, used 5935K [0x0000000085200000, 0x000000008a500000, 0x00000000d7100000)
  object space 84992K, 6% used [0x0000000085200000,0x00000000857cbee8,0x000000008a500000)
 Metaspace       used 16565K, capacity 16954K, committed 17280K, reserved 1064960K
  class space    used 1958K, capacity 2093K, committed 2176K, reserved 1048576K
Event: 2,678 GC heap after
Heap after GC invocations=5 (full 0):
 PSYoungGen      total 68608K, used 5104K [0x00000000d7100000, 0x00000000e0000000, 0x0000000100000000)
  eden space 63488K, 0% used [0x00000000d7100000,0x00000000d7100000,0x00000000daf00000)
  from space 5120K, 99% used [0x00000000daf00000,0x00000000db3fc050,0x00000000db400000)
  to   space 9728K, 0% used [0x00000000df680000,0x00000000df680000,0x00000000e0000000)
 ParOldGen       total 84992K, used 9321K [0x0000000085200000, 0x000000008a500000, 0x00000000d7100000)
  object space 84992K, 10% used [0x0000000085200000,0x0000000085b1a670,0x000000008a500000)
 Metaspace       used 16565K, capacity 16954K, committed 17280K, reserved 1064960K
  class space    used 1958K, capacity 2093K, committed 2176K, reserved 1048576K
}
Event: 3,170 GC heap before
{Heap before GC invocations=6 (full 0):
 PSYoungGen      total 68608K, used 43672K [0x00000000d7100000, 0x00000000e0000000, 0x0000000100000000)
  eden space 63488K, 60% used [0x00000000d7100000,0x00000000d96aa2b8,0x00000000daf00000)
  from space 5120K, 99% used [0x00000000daf00000,0x00000000db3fc050,0x00000000db400000)
  to   space 9728K, 0% used [0x00000000df680000,0x00000000df680000,0x00000000e0000000)
 ParOldGen       total 84992K, used 9321K [0x0000000085200000, 0x000000008a500000, 0x00000000d7100000)
  object space 84992K, 10% used [0x0000000085200000,0x0000000085b1a670,0x000000008a500000)
 Metaspace       used 20512K, capacity 21040K, committed 21296K, reserved 1069056K
  class space    used 2415K, capacity 2626K, committed 2688K, reserved 1048576K
Event: 3,195 GC heap after
Heap after GC invocations=6 (full 0):
 PSYoungGen      total 135680K, used 9634K [0x00000000d7100000, 0x00000000e0200000, 0x0000000100000000)
  eden space 125952K, 0% used [0x00000000d7100000,0x00000000d7100000,0x00000000dec00000)
  from space 9728K, 99% used [0x00000000df680000,0x00000000dffe8878,0x00000000e0000000)
  to   space 10752K, 0% used [0x00000000dec00000,0x00000000dec00000,0x00000000df680000)
 ParOldGen       total 84992K, used 9329K [0x0000000085200000, 0x000000008a500000, 0x00000000d7100000)
  object space 84992K, 10% used [0x0000000085200000,0x0000000085b1c670,0x000000008a500000)
 Metaspace       used 20512K, capacity 21040K, committed 21296K, reserved 1069056K
  class space    used 2415K, capacity 2626K, committed 2688K, reserved 1048576K
}
Event: 3,195 GC heap before
{Heap before GC invocations=7 (full 1):
 PSYoungGen      total 135680K, used 9634K [0x00000000d7100000, 0x00000000e0200000, 0x0000000100000000)
  eden space 125952K, 0% used [0x00000000d7100000,0x00000000d7100000,0x00000000dec00000)
  from space 9728K, 99% used [0x00000000df680000,0x00000000dffe8878,0x00000000e0000000)
  to   space 10752K, 0% used [0x00000000dec00000,0x00000000dec00000,0x00000000df680000)
 ParOldGen       total 84992K, used 9329K [0x0000000085200000, 0x000000008a500000, 0x00000000d7100000)
  object space 84992K, 10% used [0x0000000085200000,0x0000000085b1c670,0x000000008a500000)
 Metaspace       used 20512K, capacity 21040K, committed 21296K, reserved 1069056K
  class space    used 2415K, capacity 2626K, committed 2688K, reserved 1048576K
Event: 3,275 GC heap after
Heap after GC invocations=7 (full 1):
 PSYoungGen      total 135680K, used 0K [0x00000000d7100000, 0x00000000e0200000, 0x0000000100000000)
  eden space 125952K, 0% used [0x00000000d7100000,0x00000000d7100000,0x00000000dec00000)
  from space 9728K, 0% used [0x00000000df680000,0x00000000df680000,0x00000000e0000000)
  to   space 10752K, 0% used [0x00000000dec00000,0x00000000dec00000,0x00000000df680000)
 ParOldGen       total 65536K, used 13893K [0x0000000085200000, 0x0000000089200000, 0x00000000d7100000)
  object space 65536K, 21% used [0x0000000085200000,0x0000000085f91610,0x0000000089200000)
 Metaspace       used 20512K, capacity 21040K, committed 21296K, reserved 1069056K
  class space    used 2415K, capacity 2626K, committed 2688K, reserved 1048576K
}
Event: 4,461 GC heap before
{Heap before GC invocations=8 (full 1):
 PSYoungGen      total 135680K, used 125952K [0x00000000d7100000, 0x00000000e0200000, 0x0000000100000000)
  eden space 125952K, 100% used [0x00000000d7100000,0x00000000dec00000,0x00000000dec00000)
  from space 9728K, 0% used [0x00000000df680000,0x00000000df680000,0x00000000e0000000)
  to   space 10752K, 0% used [0x00000000dec00000,0x00000000dec00000,0x00000000df680000)
 ParOldGen       total 65536K, used 13893K [0x0000000085200000, 0x0000000089200000, 0x00000000d7100000)
  object space 65536K, 21% used [0x0000000085200000,0x0000000085f91610,0x0000000089200000)
 Metaspace       used 26614K, capacity 27454K, committed 27520K, reserved 1073152K
  class space    used 3172K, capacity 3441K, committed 3456K, reserved 1048576K
Event: 4,479 GC heap after
Heap after GC invocations=8 (full 1):
 PSYoungGen      total 136704K, used 10734K [0x00000000d7100000, 0x00000000e4a80000, 0x0000000100000000)
  eden space 125952K, 0% used [0x00000000d7100000,0x00000000d7100000,0x00000000dec00000)
  from space 10752K, 99% used [0x00000000dec00000,0x00000000df67baf0,0x00000000df680000)
  to   space 16896K, 0% used [0x00000000e3a00000,0x00000000e3a00000,0x00000000e4a80000)
 ParOldGen       total 65536K, used 23250K [0x0000000085200000, 0x0000000089200000, 0x00000000d7100000)
  object space 65536K, 35% used [0x0000000085200000,0x00000000868b48c8,0x0000000089200000)
 Metaspace       used 26614K, capacity 27454K, committed 27520K, reserved 1073152K
  class space    used 3172K, capacity 3441K, committed 3456K, reserved 1048576K
}
Event: 4,682 GC heap before
{Heap before GC invocations=9 (full 1):
 PSYoungGen      total 136704K, used 136686K [0x00000000d7100000, 0x00000000e4a80000, 0x0000000100000000)
  eden space 125952K, 100% used [0x00000000d7100000,0x00000000dec00000,0x00000000dec00000)
  from space 10752K, 99% used [0x00000000dec00000,0x00000000df67baf0,0x00000000df680000)
  to   space 16896K, 0% used [0x00000000e3a00000,0x00000000e3a00000,0x00000000e4a80000)
 ParOldGen       total 65536K, used 23250K [0x0000000085200000, 0x0000000089200000, 0x00000000d7100000)
  object space 65536K, 35% used [0x0000000085200000,0x00000000868b48c8,0x0000000089200000)
 Metaspace       used 26637K, capacity 27582K, committed 27776K, reserved 1073152K
  class space    used 3174K, capacity 3441K, committed 3456K, reserved 1048576K
Event: 4,693 GC heap after
Heap after GC invocations=9 (full 1):
 PSYoungGen      total 204288K, used 15453K [0x00000000d7100000, 0x00000000e5500000, 0x0000000100000000)
  eden space 187392K, 0% used [0x00000000d7100000,0x00000000d7100000,0x00000000e2800000)
  from space 16896K, 91% used [0x00000000e3a00000,0x00000000e49176e8,0x00000000e4a80000)
  to   space 18432K, 0% used [0x00000000e2800000,0x00000000e2800000,0x00000000e3a00000)
 ParOldGen       total 65536K, used 23258K [0x0000000085200000, 0x0000000089200000, 0x00000000d7100000)
  object space 65536K, 35% used [0x0000000085200000,0x00000000868b68c8,0x0000000089200000)
 Metaspace       used 26637K, capacity 27582K, committed 27776K, reserved 1073152K
  class space    used 3174K, capacity 3441K, committed 3456K, reserved 1048576K
}

