# JRE version: Java(TM) SE Runtime Environment (8.0_102-b14) (build 1.8.0_102-b14)
# Java VM: Java HotSpot(TM) 64-Bit Server VM (25.102-b14 mixed mode linux-amd64 compressed oops)
Heap:
 PSYoungGen      total 205312K, used 151781K [0x00000000d7100000, 0x00000000e5c00000, 0x0000000100000000)
  eden space 188416K, 72% used [0x00000000d7100000,0x00000000df634c50,0x00000000e2900000)
  from space 16896K, 91% used [0x00000000e3b80000,0x00000000e4a84a10,0x00000000e4c00000)
  to   space 18944K, 0% used [0x00000000e2900000,0x00000000e2900000,0x00000000e3b80000)
 ParOldGen       total 65536K, used 23514K [0x0000000085200000, 0x0000000089200000, 0x00000000d7100000)
  object space 65536K, 35% used [0x0000000085200000,0x00000000868f6858,0x0000000089200000)
 Metaspace       used 29119K, capacity 30104K, committed 30208K, reserved 1075200K
  class space    used 3499K, capacity 3760K, committed 3840K, reserved 1048576K
GC Heap History (10 events):
Event: 2,744 GC heap before
{Heap before GC invocations=5 (full 0):
 PSYoungGen      total 68608K, used 68592K [0x00000000d7100000, 0x00000000db900000, 0x0000000100000000)
  eden space 63488K, 100% used [0x00000000d7100000,0x00000000daf00000,0x00000000daf00000)
  from space 5120K, 99% used [0x00000000db400000,0x00000000db8fc010,0x00000000db900000)
  to   space 5120K, 0% used [0x00000000daf00000,0x00000000daf00000,0x00000000db400000)
 ParOldGen       total 84992K, used 5983K [0x0000000085200000, 0x000000008a500000, 0x00000000d7100000)
  object space 84992K, 7% used [0x0000000085200000,0x00000000857d7eb8,0x000000008a500000)
 Metaspace       used 16572K, capacity 16954K, committed 17280K, reserved 1064960K
  class space    used 1958K, capacity 2093K, committed 2176K, reserved 1048576K
Event: 2,759 GC heap after
Heap after GC invocations=5 (full 0):
 PSYoungGen      total 68608K, used 5088K [0x00000000d7100000, 0x00000000e0000000, 0x0000000100000000)
  eden space 63488K, 0% used [0x00000000d7100000,0x00000000d7100000,0x00000000daf00000)
  from space 5120K, 99% used [0x00000000daf00000,0x00000000db3f8020,0x00000000db400000)
  to   space 9728K, 0% used [0x00000000df680000,0x00000000df680000,0x00000000e0000000)
 ParOldGen       total 84992K, used 9467K [0x0000000085200000, 0x000000008a500000, 0x00000000d7100000)
  object space 84992K, 11% used [0x0000000085200000,0x0000000085b3ef80,0x000000008a500000)
 Metaspace       used 16572K, capacity 16954K, committed 17280K, reserved 1064960K
  class space    used 1958K, capacity 2093K, committed 2176K, reserved 1048576K
}
Event: 3,382 GC heap before
{Heap before GC invocations=6 (full 0):
 PSYoungGen      total 68608K, used 44527K [0x00000000d7100000, 0x00000000e0000000, 0x0000000100000000)
  eden space 63488K, 62% used [0x00000000d7100000,0x00000000d9783f00,0x00000000daf00000)
  from space 5120K, 99% used [0x00000000daf00000,0x00000000db3f8020,0x00000000db400000)
  to   space 9728K, 0% used [0x00000000df680000,0x00000000df680000,0x00000000e0000000)
 ParOldGen       total 84992K, used 9467K [0x0000000085200000, 0x000000008a500000, 0x00000000d7100000)
  object space 84992K, 11% used [0x0000000085200000,0x0000000085b3ef80,0x000000008a500000)
 Metaspace       used 20529K, capacity 21040K, committed 21296K, reserved 1069056K
  class space    used 2414K, capacity 2626K, committed 2688K, reserved 1048576K
Event: 3,398 GC heap after
Heap after GC invocations=6 (full 0):
 PSYoungGen      total 135680K, used 9557K [0x00000000d7100000, 0x00000000e0200000, 0x0000000100000000)
  eden space 125952K, 0% used [0x00000000d7100000,0x00000000d7100000,0x00000000dec00000)
  from space 9728K, 98% used [0x00000000df680000,0x00000000dffd56b8,0x00000000e0000000)
  to   space 10752K, 0% used [0x00000000dec00000,0x00000000dec00000,0x00000000df680000)
 ParOldGen       total 84992K, used 9475K [0x0000000085200000, 0x000000008a500000, 0x00000000d7100000)
  object space 84992K, 11% used [0x0000000085200000,0x0000000085b40f80,0x000000008a500000)
 Metaspace       used 20529K, capacity 21040K, committed 21296K, reserved 1069056K
  class space    used 2414K, capacity 2626K, committed 2688K, reserved 1048576K
}
Event: 3,398 GC heap before
{Heap before GC invocations=7 (full 1):
 PSYoungGen      total 135680K, used 9557K [0x00000000d7100000, 0x00000000e0200000, 0x0000000100000000)
  eden space 125952K, 0% used [0x00000000d7100000,0x00000000d7100000,0x00000000dec00000)
  from space 9728K, 98% used [0x00000000df680000,0x00000000dffd56b8,0x00000000e0000000)
  to   space 10752K, 0% used [0x00000000dec00000,0x00000000dec00000,0x00000000df680000)
 ParOldGen       total 84992K, used 9475K [0x0000000085200000, 0x000000008a500000, 0x00000000d7100000)
  object space 84992K, 11% used [0x0000000085200000,0x0000000085b40f80,0x000000008a500000)
 Metaspace       used 20529K, capacity 21040K, committed 21296K, reserved 1069056K
  class space    used 2414K, capacity 2626K, committed 2688K, reserved 1048576K
Event: 3,460 GC heap after
Heap after GC invocations=7 (full 1):
 PSYoungGen      total 135680K, used 0K [0x00000000d7100000, 0x00000000e0200000, 0x0000000100000000)
  eden space 125952K, 0% used [0x00000000d7100000,0x00000000d7100000,0x00000000dec00000)
  from space 9728K, 0% used [0x00000000df680000,0x00000000df680000,0x00000000e0000000)
  to   space 10752K, 0% used [0x00000000dec00000,0x00000000dec00000,0x00000000df680000)
 ParOldGen       total 65536K, used 13898K [0x0000000085200000, 0x0000000089200000, 0x00000000d7100000)
  object space 65536K, 21% used [0x0000000085200000,0x0000000085f92808,0x0000000089200000)
 Metaspace       used 20529K, capacity 21040K, committed 21296K, reserved 1069056K
  class space    used 2414K, capacity 2626K, committed 2688K, reserved 1048576K
}
Event: 4,634 GC heap before
{Heap before GC invocations=8 (full 1):
 PSYoungGen      total 135680K, used 125952K [0x00000000d7100000, 0x00000000e0200000, 0x0000000100000000)
  eden space 125952K, 100% used [0x00000000d7100000,0x00000000dec00000,0x00000000dec00000)
  from space 9728K, 0% used [0x00000000df680000,0x00000000df680000,0x00000000e0000000)
  to   space 10752K, 0% used [0x00000000dec00000,0x00000000dec00000,0x00000000df680000)
 ParOldGen       total 65536K, used 13898K [0x0000000085200000, 0x0000000089200000, 0x00000000d7100000)
  object space 65536K, 21% used [0x0000000085200000,0x0000000085f92808,0x0000000089200000)
 Metaspace       used 26624K, capacity 27454K, committed 27520K, reserved 1073152K
  class space    used 3172K, capacity 3441K, committed 3456K, reserved 1048576K
Event: 4,652 GC heap after
Heap after GC invocations=8 (full 1):
 PSYoungGen      total 136704K, used 10744K [0x00000000d7100000, 0x00000000e4c00000, 0x0000000100000000)
  eden space 125952K, 0% used [0x00000000d7100000,0x00000000d7100000,0x00000000dec00000)
  from space 10752K, 99% used [0x00000000dec00000,0x00000000df67e3d0,0x00000000df680000)
  to   space 16896K, 0% used [0x00000000e3b80000,0x00000000e3b80000,0x00000000e4c00000)
 ParOldGen       total 65536K, used 23506K [0x0000000085200000, 0x0000000089200000, 0x00000000d7100000)
  object space 65536K, 35% used [0x0000000085200000,0x00000000868f4858,0x0000000089200000)
 Metaspace       used 26624K, capacity 27454K, committed 27520K, reserved 1073152K
  class space    used 3172K, capacity 3441K, committed 3456K, reserved 1048576K
}
Event: 4,901 GC heap before
{Heap before GC invocations=9 (full 1):
 PSYoungGen      total 136704K, used 136696K [0x00000000d7100000, 0x00000000e4c00000, 0x0000000100000000)
  eden space 125952K, 100% used [0x00000000d7100000,0x00000000dec00000,0x00000000dec00000)
  from space 10752K, 99% used [0x00000000dec00000,0x00000000df67e3d0,0x00000000df680000)
  to   space 16896K, 0% used [0x00000000e3b80000,0x00000000e3b80000,0x00000000e4c00000)
 ParOldGen       total 65536K, used 23506K [0x0000000085200000, 0x0000000089200000, 0x00000000d7100000)
  object space 65536K, 35% used [0x0000000085200000,0x00000000868f4858,0x0000000089200000)
 Metaspace       used 26644K, capacity 27518K, committed 27776K, reserved 1073152K
  class space    used 3174K, capacity 3441K, committed 3456K, reserved 1048576K
Event: 4,915 GC heap after
Heap after GC invocations=9 (full 1):
 PSYoungGen      total 205312K, used 15378K [0x00000000d7100000, 0x00000000e5c00000, 0x0000000100000000)
  eden space 188416K, 0% used [0x00000000d7100000,0x00000000d7100000,0x00000000e2900000)
  from space 16896K, 91% used [0x00000000e3b80000,0x00000000e4a84a10,0x00000000e4c00000)
  to   space 18944K, 0% used [0x00000000e2900000,0x00000000e2900000,0x00000000e3b80000)
 ParOldGen       total 65536K, used 23514K [0x0000000085200000, 0x0000000089200000, 0x00000000d7100000)
  object space 65536K, 35% used [0x0000000085200000,0x00000000868f6858,0x0000000089200000)
 Metaspace       used 26644K, capacity 27518K, committed 27776K, reserved 1073152K
  class space    used 3174K, capacity 3441K, committed 3456K, reserved 1048576K
}

