# JRE version: Java(TM) SE Runtime Environment (8.0_102-b14) (build 1.8.0_102-b14)
# Java VM: Java HotSpot(TM) 64-Bit Server VM (25.102-b14 mixed mode linux-amd64 compressed oops)
Heap:
 PSYoungGen      total 205312K, used 153530K [0x00000000d7100000, 0x00000000e5a80000, 0x0000000100000000)
  eden space 188416K, 73% used [0x00000000d7100000,0x00000000df7f1d88,0x00000000e2900000)
  from space 16896K, 90% used [0x00000000e3b00000,0x00000000e49fcc40,0x00000000e4b80000)
  to   space 18432K, 0% used [0x00000000e2900000,0x00000000e2900000,0x00000000e3b00000)
 ParOldGen       total 64512K, used 22875K [0x0000000085200000, 0x0000000089100000, 0x00000000d7100000)
  object space 64512K, 35% used [0x0000000085200000,0x0000000086856c58,0x0000000089100000)
 Metaspace       used 29135K, capacity 30154K, committed 30464K, reserved 1075200K
  class space    used 3498K, capacity 3755K, committed 3840K, reserved 1048576K
GC Heap History (10 events):
Event: 2,869 GC heap before
{Heap before GC invocations=5 (full 0):
 PSYoungGen      total 68608K, used 68592K [0x00000000d7100000, 0x00000000db900000, 0x0000000100000000)
  eden space 63488K, 100% used [0x00000000d7100000,0x00000000daf00000,0x00000000daf00000)
  from space 5120K, 99% used [0x00000000db400000,0x00000000db8fc030,0x00000000db900000)
  to   space 5120K, 0% used [0x00000000daf00000,0x00000000daf00000,0x00000000db400000)
 ParOldGen       total 84992K, used 6179K [0x0000000085200000, 0x000000008a500000, 0x00000000d7100000)
  object space 84992K, 7% used [0x0000000085200000,0x0000000085808e70,0x000000008a500000)
 Metaspace       used 16586K, capacity 17018K, committed 17280K, reserved 1064960K
  class space    used 1958K, capacity 2093K, committed 2176K, reserved 1048576K
Event: 2,886 GC heap after
Heap after GC invocations=5 (full 0):
 PSYoungGen      total 68608K, used 5104K [0x00000000d7100000, 0x00000000e0000000, 0x0000000100000000)
  eden space 63488K, 0% used [0x00000000d7100000,0x00000000d7100000,0x00000000daf00000)
  from space 5120K, 99% used [0x00000000daf00000,0x00000000db3fc050,0x00000000db400000)
  to   space 9728K, 0% used [0x00000000df680000,0x00000000df680000,0x00000000e0000000)
 ParOldGen       total 84992K, used 9504K [0x0000000085200000, 0x000000008a500000, 0x00000000d7100000)
  object space 84992K, 11% used [0x0000000085200000,0x0000000085b48120,0x000000008a500000)
 Metaspace       used 16586K, capacity 17018K, committed 17280K, reserved 1064960K
  class space    used 1958K, capacity 2093K, committed 2176K, reserved 1048576K
}
Event: 3,386 GC heap before
{Heap before GC invocations=6 (full 0):
 PSYoungGen      total 68608K, used 44463K [0x00000000d7100000, 0x00000000e0000000, 0x0000000100000000)
  eden space 63488K, 61% used [0x00000000d7100000,0x00000000d976fe90,0x00000000daf00000)
  from space 5120K, 99% used [0x00000000daf00000,0x00000000db3fc050,0x00000000db400000)
  to   space 9728K, 0% used [0x00000000df680000,0x00000000df680000,0x00000000e0000000)
 ParOldGen       total 84992K, used 9504K [0x0000000085200000, 0x000000008a500000, 0x00000000d7100000)
  object space 84992K, 11% used [0x0000000085200000,0x0000000085b48120,0x000000008a500000)
 Metaspace       used 20520K, capacity 21008K, committed 21296K, reserved 1069056K
  class space    used 2413K, capacity 2594K, committed 2688K, reserved 1048576K
Event: 3,410 GC heap after
Heap after GC invocations=6 (full 0):
 PSYoungGen      total 135680K, used 9526K [0x00000000d7100000, 0x00000000e0200000, 0x0000000100000000)
  eden space 125952K, 0% used [0x00000000d7100000,0x00000000d7100000,0x00000000dec00000)
  from space 9728K, 97% used [0x00000000df680000,0x00000000dffcdbd8,0x00000000e0000000)
  to   space 10752K, 0% used [0x00000000dec00000,0x00000000dec00000,0x00000000df680000)
 ParOldGen       total 84992K, used 9512K [0x0000000085200000, 0x000000008a500000, 0x00000000d7100000)
  object space 84992K, 11% used [0x0000000085200000,0x0000000085b4a120,0x000000008a500000)
 Metaspace       used 20520K, capacity 21008K, committed 21296K, reserved 1069056K
  class space    used 2413K, capacity 2594K, committed 2688K, reserved 1048576K
}
Event: 3,410 GC heap before
{Heap before GC invocations=7 (full 1):
 PSYoungGen      total 135680K, used 9526K [0x00000000d7100000, 0x00000000e0200000, 0x0000000100000000)
  eden space 125952K, 0% used [0x00000000d7100000,0x00000000d7100000,0x00000000dec00000)
  from space 9728K, 97% used [0x00000000df680000,0x00000000dffcdbd8,0x00000000e0000000)
  to   space 10752K, 0% used [0x00000000dec00000,0x00000000dec00000,0x00000000df680000)
 ParOldGen       total 84992K, used 9512K [0x0000000085200000, 0x000000008a500000, 0x00000000d7100000)
  object space 84992K, 11% used [0x0000000085200000,0x0000000085b4a120,0x000000008a500000)
 Metaspace       used 20520K, capacity 21008K, committed 21296K, reserved 1069056K
  class space    used 2413K, capacity 2594K, committed 2688K, reserved 1048576K
Event: 3,485 GC heap after
Heap after GC invocations=7 (full 1):
 PSYoungGen      total 135680K, used 0K [0x00000000d7100000, 0x00000000e0200000, 0x0000000100000000)
  eden space 125952K, 0% used [0x00000000d7100000,0x00000000d7100000,0x00000000dec00000)
  from space 9728K, 0% used [0x00000000df680000,0x00000000df680000,0x00000000e0000000)
  to   space 10752K, 0% used [0x00000000dec00000,0x00000000dec00000,0x00000000df680000)
 ParOldGen       total 64512K, used 13137K [0x0000000085200000, 0x0000000089100000, 0x00000000d7100000)
  object space 64512K, 20% used [0x0000000085200000,0x0000000085ed44b0,0x0000000089100000)
 Metaspace       used 20520K, capacity 21008K, committed 21296K, reserved 1069056K
  class space    used 2413K, capacity 2594K, committed 2688K, reserved 1048576K
}
Event: 4,738 GC heap before
{Heap before GC invocations=8 (full 1):
 PSYoungGen      total 135680K, used 125952K [0x00000000d7100000, 0x00000000e0200000, 0x0000000100000000)
  eden space 125952K, 100% used [0x00000000d7100000,0x00000000dec00000,0x00000000dec00000)
  from space 9728K, 0% used [0x00000000df680000,0x00000000df680000,0x00000000e0000000)
  to   space 10752K, 0% used [0x00000000dec00000,0x00000000dec00000,0x00000000df680000)
 ParOldGen       total 64512K, used 13137K [0x0000000085200000, 0x0000000089100000, 0x00000000d7100000)
  object space 64512K, 20% used [0x0000000085200000,0x0000000085ed44b0,0x0000000089100000)
 Metaspace       used 26599K, capacity 27494K, committed 27520K, reserved 1073152K
  class space    used 3169K, capacity 3435K, committed 3456K, reserved 1048576K
Event: 4,758 GC heap after
Heap after GC invocations=8 (full 1):
 PSYoungGen      total 136704K, used 10732K [0x00000000d7100000, 0x00000000e4b80000, 0x0000000100000000)
  eden space 125952K, 0% used [0x00000000d7100000,0x00000000d7100000,0x00000000dec00000)
  from space 10752K, 99% used [0x00000000dec00000,0x00000000df67b128,0x00000000df680000)
  to   space 16896K, 0% used [0x00000000e3b00000,0x00000000e3b00000,0x00000000e4b80000)
 ParOldGen       total 64512K, used 22867K [0x0000000085200000, 0x0000000089100000, 0x00000000d7100000)
  object space 64512K, 35% used [0x0000000085200000,0x0000000086854c58,0x0000000089100000)
 Metaspace       used 26599K, capacity 27494K, committed 27520K, reserved 1073152K
  class space    used 3169K, capacity 3435K, committed 3456K, reserved 1048576K
}
Event: 4,957 GC heap before
{Heap before GC invocations=9 (full 1):
 PSYoungGen      total 136704K, used 136684K [0x00000000d7100000, 0x00000000e4b80000, 0x0000000100000000)
  eden space 125952K, 100% used [0x00000000d7100000,0x00000000dec00000,0x00000000dec00000)
  from space 10752K, 99% used [0x00000000dec00000,0x00000000df67b128,0x00000000df680000)
  to   space 16896K, 0% used [0x00000000e3b00000,0x00000000e3b00000,0x00000000e4b80000)
 ParOldGen       total 64512K, used 22867K [0x0000000085200000, 0x0000000089100000, 0x00000000d7100000)
  object space 64512K, 35% used [0x0000000085200000,0x0000000086854c58,0x0000000089100000)
 Metaspace       used 26619K, capacity 27494K, committed 27520K, reserved 1073152K
  class space    used 3171K, capacity 3435K, committed 3456K, reserved 1048576K
Event: 4,971 GC heap after
Heap after GC invocations=9 (full 1):
 PSYoungGen      total 205312K, used 15347K [0x00000000d7100000, 0x00000000e5a80000, 0x0000000100000000)
  eden space 188416K, 0% used [0x00000000d7100000,0x00000000d7100000,0x00000000e2900000)
  from space 16896K, 90% used [0x00000000e3b00000,0x00000000e49fcc40,0x00000000e4b80000)
  to   space 18432K, 0% used [0x00000000e2900000,0x00000000e2900000,0x00000000e3b00000)
 ParOldGen       total 64512K, used 22875K [0x0000000085200000, 0x0000000089100000, 0x00000000d7100000)
  object space 64512K, 35% used [0x0000000085200000,0x0000000086856c58,0x0000000089100000)
 Metaspace       used 26619K, capacity 27494K, committed 27520K, reserved 1073152K
  class space    used 3171K, capacity 3435K, committed 3456K, reserved 1048576K
}

